<?xml version="1.0" encoding="UTF-8"?>
<testng-results ignored="0" total="25" passed="24" failed="1" skipped="0">
  <reporter-output>
  </reporter-output>
  <suite started-at="2023-04-07T16:48:41 EDT" name="Default suite" finished-at="2023-04-07T16:49:25 EDT" duration-ms="44119">
    <groups>
      <group name="cucumber">
        <method signature="AbstractTestNGCucumberTests.runScenario(io.cucumber.testng.PickleWrapper,io.cucumber.testng.FeatureWrapper)[pri:0, instance:ds.algo.testrunner.DSAlgoTestRunner@43df23d3]" name="runScenario" class="io.cucumber.testng.AbstractTestNGCucumberTests"/>
      </group> <!-- cucumber -->
    </groups>
    <test started-at="2023-04-07T16:48:41 EDT" name="Default test" finished-at="2023-04-07T16:49:25 EDT" duration-ms="44119">
      <class name="ds.algo.testrunner.DSAlgoTestRunner">
        <test-method is-config="true" signature="setUpClass(org.testng.ITestContext)[pri:0, instance:ds.algo.testrunner.DSAlgoTestRunner@43df23d3]" started-at="2023-04-07T16:48:41 EDT" name="setUpClass" finished-at="2023-04-07T16:48:41 EDT" duration-ms="471" status="PASS">
          <params>
            <param index="0">
              <value>
                <![CDATA[org.testng.TestRunner@7853363c]]>
              </value>
            </param>
          </params>
          <reporter-output>
          </reporter-output>
        </test-method> <!-- setUpClass -->
        <test-method signature="runScenario(io.cucumber.testng.PickleWrapper,io.cucumber.testng.FeatureWrapper)[pri:0, instance:ds.algo.testrunner.DSAlgoTestRunner@43df23d3]" started-at="2023-04-07T16:48:41 EDT" name="runScenario" description="Runs Cucumber Scenarios" data-provider="scenarios" finished-at="2023-04-07T16:48:45 EDT" duration-ms="3507" status="PASS">
          <params>
            <param index="0">
              <value>
                <![CDATA["User is able to launch the page successfully"]]>
              </value>
            </param>
            <param index="1">
              <value>
                <![CDATA["Homepage launch"]]>
              </value>
            </param>
          </params>
          <reporter-output>
          </reporter-output>
        </test-method> <!-- runScenario -->
        <test-method signature="runScenario(io.cucumber.testng.PickleWrapper,io.cucumber.testng.FeatureWrapper)[pri:0, instance:ds.algo.testrunner.DSAlgoTestRunner@43df23d3]" started-at="2023-04-07T16:48:45 EDT" name="runScenario" description="Runs Cucumber Scenarios" data-provider="scenarios" finished-at="2023-04-07T16:48:45 EDT" duration-ms="345" status="PASS">
          <params>
            <param index="0">
              <value>
                <![CDATA["User gets error when click on Linked List section without sign-in"]]>
              </value>
            </param>
            <param index="1">
              <value>
                <![CDATA["Homepage launch"]]>
              </value>
            </param>
          </params>
          <reporter-output>
          </reporter-output>
        </test-method> <!-- runScenario -->
        <test-method signature="runScenario(io.cucumber.testng.PickleWrapper,io.cucumber.testng.FeatureWrapper)[pri:0, instance:ds.algo.testrunner.DSAlgoTestRunner@43df23d3]" started-at="2023-04-07T16:48:45 EDT" name="runScenario" description="Runs Cucumber Scenarios" data-provider="scenarios" finished-at="2023-04-07T16:48:45 EDT" duration-ms="301" status="PASS">
          <params>
            <param index="0">
              <value>
                <![CDATA["User gets error when click on Tree section without sign-in"]]>
              </value>
            </param>
            <param index="1">
              <value>
                <![CDATA["Homepage launch"]]>
              </value>
            </param>
          </params>
          <reporter-output>
          </reporter-output>
        </test-method> <!-- runScenario -->
        <test-method signature="runScenario(io.cucumber.testng.PickleWrapper,io.cucumber.testng.FeatureWrapper)[pri:0, instance:ds.algo.testrunner.DSAlgoTestRunner@43df23d3]" started-at="2023-04-07T16:48:45 EDT" name="runScenario" description="Runs Cucumber Scenarios" data-provider="scenarios" finished-at="2023-04-07T16:48:46 EDT" duration-ms="311" status="PASS">
          <params>
            <param index="0">
              <value>
                <![CDATA["User gets error when click on Graph section without sign-in"]]>
              </value>
            </param>
            <param index="1">
              <value>
                <![CDATA["Homepage launch"]]>
              </value>
            </param>
          </params>
          <reporter-output>
          </reporter-output>
        </test-method> <!-- runScenario -->
        <test-method signature="runScenario(io.cucumber.testng.PickleWrapper,io.cucumber.testng.FeatureWrapper)[pri:0, instance:ds.algo.testrunner.DSAlgoTestRunner@43df23d3]" started-at="2023-04-07T16:48:46 EDT" name="runScenario" description="Runs Cucumber Scenarios" data-provider="scenarios" finished-at="2023-04-07T16:48:46 EDT" duration-ms="140" status="PASS">
          <params>
            <param index="0">
              <value>
                <![CDATA["User is able to navigate to Register page"]]>
              </value>
            </param>
            <param index="1">
              <value>
                <![CDATA["Homepage launch"]]>
              </value>
            </param>
          </params>
          <reporter-output>
          </reporter-output>
        </test-method> <!-- runScenario -->
        <test-method signature="runScenario(io.cucumber.testng.PickleWrapper,io.cucumber.testng.FeatureWrapper)[pri:0, instance:ds.algo.testrunner.DSAlgoTestRunner@43df23d3]" started-at="2023-04-07T16:48:46 EDT" name="runScenario" description="Runs Cucumber Scenarios" data-provider="scenarios" finished-at="2023-04-07T16:48:48 EDT" duration-ms="2078" status="PASS">
          <params>
            <param index="0">
              <value>
                <![CDATA["Click Register button with empty fields"]]>
              </value>
            </param>
            <param index="1">
              <value>
                <![CDATA["User registration"]]>
              </value>
            </param>
          </params>
          <reporter-output>
          </reporter-output>
        </test-method> <!-- runScenario -->
        <test-method signature="runScenario(io.cucumber.testng.PickleWrapper,io.cucumber.testng.FeatureWrapper)[pri:0, instance:ds.algo.testrunner.DSAlgoTestRunner@43df23d3]" started-at="2023-04-07T16:48:48 EDT" name="runScenario" description="Runs Cucumber Scenarios" data-provider="scenarios" finished-at="2023-04-07T16:48:50 EDT" duration-ms="2260" status="PASS">
          <params>
            <param index="0">
              <value>
                <![CDATA["Check Login functionality on the register page"]]>
              </value>
            </param>
            <param index="1">
              <value>
                <![CDATA["User registration"]]>
              </value>
            </param>
          </params>
          <reporter-output>
          </reporter-output>
        </test-method> <!-- runScenario -->
        <test-method signature="runScenario(io.cucumber.testng.PickleWrapper,io.cucumber.testng.FeatureWrapper)[pri:0, instance:ds.algo.testrunner.DSAlgoTestRunner@43df23d3]" started-at="2023-04-07T16:48:50 EDT" name="runScenario" description="Runs Cucumber Scenarios" data-provider="scenarios" finished-at="2023-04-07T16:48:54 EDT" duration-ms="3478" status="PASS">
          <params>
            <param index="0">
              <value>
                <![CDATA["Register successfully with valid data"]]>
              </value>
            </param>
            <param index="1">
              <value>
                <![CDATA["User registration"]]>
              </value>
            </param>
          </params>
          <reporter-output>
          </reporter-output>
        </test-method> <!-- runScenario -->
        <test-method signature="runScenario(io.cucumber.testng.PickleWrapper,io.cucumber.testng.FeatureWrapper)[pri:0, instance:ds.algo.testrunner.DSAlgoTestRunner@43df23d3]" started-at="2023-04-07T16:48:54 EDT" name="runScenario" description="Runs Cucumber Scenarios" data-provider="scenarios" finished-at="2023-04-07T16:48:54 EDT" duration-ms="332" status="PASS">
          <params>
            <param index="0">
              <value>
                <![CDATA["check sign out"]]>
              </value>
            </param>
            <param index="1">
              <value>
                <![CDATA["User registration"]]>
              </value>
            </param>
          </params>
          <reporter-output>
          </reporter-output>
        </test-method> <!-- runScenario -->
        <test-method signature="runScenario(io.cucumber.testng.PickleWrapper,io.cucumber.testng.FeatureWrapper)[pri:0, instance:ds.algo.testrunner.DSAlgoTestRunner@43df23d3]" started-at="2023-04-07T16:48:54 EDT" name="runScenario" description="Runs Cucumber Scenarios" data-provider="scenarios" finished-at="2023-04-07T16:48:55 EDT" duration-ms="1307" status="PASS">
          <params>
            <param index="0">
              <value>
                <![CDATA["Sign in with invalid credentials"]]>
              </value>
            </param>
            <param index="1">
              <value>
                <![CDATA["User Login"]]>
              </value>
            </param>
          </params>
          <reporter-output>
          </reporter-output>
        </test-method> <!-- runScenario -->
        <test-method signature="runScenario(io.cucumber.testng.PickleWrapper,io.cucumber.testng.FeatureWrapper)[pri:0, instance:ds.algo.testrunner.DSAlgoTestRunner@43df23d3]" started-at="2023-04-07T16:48:55 EDT" name="runScenario" description="Runs Cucumber Scenarios" data-provider="scenarios" finished-at="2023-04-07T16:48:57 EDT" duration-ms="1308" status="PASS">
          <params>
            <param index="0">
              <value>
                <![CDATA["Sign in with invalid credentials"]]>
              </value>
            </param>
            <param index="1">
              <value>
                <![CDATA["User Login"]]>
              </value>
            </param>
          </params>
          <reporter-output>
          </reporter-output>
        </test-method> <!-- runScenario -->
        <test-method signature="runScenario(io.cucumber.testng.PickleWrapper,io.cucumber.testng.FeatureWrapper)[pri:0, instance:ds.algo.testrunner.DSAlgoTestRunner@43df23d3]" started-at="2023-04-07T16:48:57 EDT" name="runScenario" description="Runs Cucumber Scenarios" data-provider="scenarios" finished-at="2023-04-07T16:49:02 EDT" duration-ms="5237" status="PASS">
          <params>
            <param index="0">
              <value>
                <![CDATA["Check Invalid login with data table"]]>
              </value>
            </param>
            <param index="1">
              <value>
                <![CDATA["User Login"]]>
              </value>
            </param>
          </params>
          <reporter-output>
          </reporter-output>
        </test-method> <!-- runScenario -->
        <test-method signature="runScenario(io.cucumber.testng.PickleWrapper,io.cucumber.testng.FeatureWrapper)[pri:0, instance:ds.algo.testrunner.DSAlgoTestRunner@43df23d3]" started-at="2023-04-07T16:49:02 EDT" name="runScenario" description="Runs Cucumber Scenarios" data-provider="scenarios" finished-at="2023-04-07T16:49:03 EDT" duration-ms="1458" status="PASS">
          <params>
            <param index="0">
              <value>
                <![CDATA["Sign In with valid credentials"]]>
              </value>
            </param>
            <param index="1">
              <value>
                <![CDATA["User Login"]]>
              </value>
            </param>
          </params>
          <reporter-output>
          </reporter-output>
        </test-method> <!-- runScenario -->
        <test-method signature="runScenario(io.cucumber.testng.PickleWrapper,io.cucumber.testng.FeatureWrapper)[pri:0, instance:ds.algo.testrunner.DSAlgoTestRunner@43df23d3]" started-at="2023-04-07T16:49:03 EDT" name="runScenario" description="Runs Cucumber Scenarios" data-provider="scenarios" finished-at="2023-04-07T16:49:04 EDT" duration-ms="195" status="PASS">
          <params>
            <param index="0">
              <value>
                <![CDATA["User navigates from home page to linkedlist page"]]>
              </value>
            </param>
            <param index="1">
              <value>
                <![CDATA["Validate Linkedlist"]]>
              </value>
            </param>
          </params>
          <reporter-output>
          </reporter-output>
        </test-method> <!-- runScenario -->
        <test-method signature="runScenario(io.cucumber.testng.PickleWrapper,io.cucumber.testng.FeatureWrapper)[pri:0, instance:ds.algo.testrunner.DSAlgoTestRunner@43df23d3]" started-at="2023-04-07T16:49:04 EDT" name="runScenario" description="Runs Cucumber Scenarios" data-provider="scenarios" finished-at="2023-04-07T16:49:04 EDT" duration-ms="906" status="PASS">
          <params>
            <param index="0">
              <value>
                <![CDATA["User navigates from linked list page to text editor page"]]>
              </value>
            </param>
            <param index="1">
              <value>
                <![CDATA["Validate Linkedlist"]]>
              </value>
            </param>
          </params>
          <reporter-output>
          </reporter-output>
        </test-method> <!-- runScenario -->
        <test-method signature="runScenario(io.cucumber.testng.PickleWrapper,io.cucumber.testng.FeatureWrapper)[pri:0, instance:ds.algo.testrunner.DSAlgoTestRunner@43df23d3]" started-at="2023-04-07T16:49:04 EDT" name="runScenario" description="Runs Cucumber Scenarios" data-provider="scenarios" finished-at="2023-04-07T16:49:05 EDT" duration-ms="628" status="PASS">
          <params>
            <param index="0">
              <value>
                <![CDATA["User navigates from Create linked list to text editor page"]]>
              </value>
            </param>
            <param index="1">
              <value>
                <![CDATA["Validate Linkedlist"]]>
              </value>
            </param>
          </params>
          <reporter-output>
          </reporter-output>
        </test-method> <!-- runScenario -->
        <test-method signature="runScenario(io.cucumber.testng.PickleWrapper,io.cucumber.testng.FeatureWrapper)[pri:0, instance:ds.algo.testrunner.DSAlgoTestRunner@43df23d3]" started-at="2023-04-07T16:49:05 EDT" name="runScenario" description="Runs Cucumber Scenarios" data-provider="scenarios" finished-at="2023-04-07T16:49:06 EDT" duration-ms="676" status="PASS">
          <params>
            <param index="0">
              <value>
                <![CDATA["User navigate from Types of linked List to text editor page"]]>
              </value>
            </param>
            <param index="1">
              <value>
                <![CDATA["Validate Linkedlist"]]>
              </value>
            </param>
          </params>
          <reporter-output>
          </reporter-output>
        </test-method> <!-- runScenario -->
        <test-method signature="runScenario(io.cucumber.testng.PickleWrapper,io.cucumber.testng.FeatureWrapper)[pri:0, instance:ds.algo.testrunner.DSAlgoTestRunner@43df23d3]" started-at="2023-04-07T16:49:06 EDT" name="runScenario" description="Runs Cucumber Scenarios" data-provider="scenarios" finished-at="2023-04-07T16:49:06 EDT" duration-ms="619" status="PASS">
          <params>
            <param index="0">
              <value>
                <![CDATA["User navigate from Implement Linked List in python to text editor"]]>
              </value>
            </param>
            <param index="1">
              <value>
                <![CDATA["Validate Linkedlist"]]>
              </value>
            </param>
          </params>
          <reporter-output>
          </reporter-output>
        </test-method> <!-- runScenario -->
        <test-method signature="runScenario(io.cucumber.testng.PickleWrapper,io.cucumber.testng.FeatureWrapper)[pri:0, instance:ds.algo.testrunner.DSAlgoTestRunner@43df23d3]" started-at="2023-04-07T16:49:06 EDT" name="runScenario" description="Runs Cucumber Scenarios" data-provider="scenarios" finished-at="2023-04-07T16:49:07 EDT" duration-ms="694" status="PASS">
          <params>
            <param index="0">
              <value>
                <![CDATA["User navigate from Traversal to text editor"]]>
              </value>
            </param>
            <param index="1">
              <value>
                <![CDATA["Validate Linkedlist"]]>
              </value>
            </param>
          </params>
          <reporter-output>
          </reporter-output>
        </test-method> <!-- runScenario -->
        <test-method signature="runScenario(io.cucumber.testng.PickleWrapper,io.cucumber.testng.FeatureWrapper)[pri:0, instance:ds.algo.testrunner.DSAlgoTestRunner@43df23d3]" started-at="2023-04-07T16:49:07 EDT" name="runScenario" description="Runs Cucumber Scenarios" data-provider="scenarios" finished-at="2023-04-07T16:49:08 EDT" duration-ms="710" status="PASS">
          <params>
            <param index="0">
              <value>
                <![CDATA["User navigate from Insertion to text editor"]]>
              </value>
            </param>
            <param index="1">
              <value>
                <![CDATA["Validate Linkedlist"]]>
              </value>
            </param>
          </params>
          <reporter-output>
          </reporter-output>
        </test-method> <!-- runScenario -->
        <test-method signature="runScenario(io.cucumber.testng.PickleWrapper,io.cucumber.testng.FeatureWrapper)[pri:0, instance:ds.algo.testrunner.DSAlgoTestRunner@43df23d3]" started-at="2023-04-07T16:49:08 EDT" name="runScenario" description="Runs Cucumber Scenarios" data-provider="scenarios" finished-at="2023-04-07T16:49:20 EDT" duration-ms="12625" status="FAIL">
          <params>
            <param index="0">
              <value>
                <![CDATA["User navigate from Deletion to text editor page"]]>
              </value>
            </param>
            <param index="1">
              <value>
                <![CDATA["Validate Linkedlist"]]>
              </value>
            </param>
          </params>
          <exception class="org.openqa.selenium.NoSuchElementException">
            <message>
              <![CDATA[no such element: Unable to locate element: {"method":"link text","selector":"Try here>>>"}
  (Session info: chrome=111.0.5563.148)
For documentation on this error, please visit: https://selenium.dev/exceptions/#no_such_element
Build info: version: '4.8.3', revision: 'e5e76298c3'
System info: os.name: 'Windows 11', os.arch: 'amd64', os.version: '10.0', java.version: '17.0.5'
Driver info: org.openqa.selenium.chrome.ChromeDriver
Command: [bac3343760c0c63bce0f46b2e3f0d430, findElement {using=link text, value=Try here>>>}]
Capabilities {acceptInsecureCerts: false, browserName: chrome, browserVersion: 111.0.5563.148, chrome: {chromedriverVersion: 111.0.5563.64 (c710e93d5b63..., userDataDir: C:\Users\prasad\AppData\Loc...}, goog:chromeOptions: {debuggerAddress: localhost:58496}, networkConnectionEnabled: false, pageLoadStrategy: normal, platformName: WINDOWS, proxy: Proxy(), se:cdp: ws://localhost:58496/devtoo..., se:cdpVersion: 111.0.5563.148, setWindowRect: true, strictFileInteractability: false, timeouts: {implicit: 0, pageLoad: 300000, script: 30000}, unhandledPromptBehavior: dismiss and notify, webauthn:extension:credBlob: true, webauthn:extension:largeBlob: true, webauthn:extension:minPinLength: true, webauthn:extension:prf: true, webauthn:virtualAuthenticators: true}
Session ID: bac3343760c0c63bce0f46b2e3f0d430]]>
            </message>
            <full-stacktrace>
              <![CDATA[org.openqa.selenium.NoSuchElementException: no such element: Unable to locate element: {"method":"link text","selector":"Try here>>>"}
  (Session info: chrome=111.0.5563.148)
For documentation on this error, please visit: https://selenium.dev/exceptions/#no_such_element
Build info: version: '4.8.3', revision: 'e5e76298c3'
System info: os.name: 'Windows 11', os.arch: 'amd64', os.version: '10.0', java.version: '17.0.5'
Driver info: org.openqa.selenium.chrome.ChromeDriver
Command: [bac3343760c0c63bce0f46b2e3f0d430, findElement {using=link text, value=Try here>>>}]
Capabilities {acceptInsecureCerts: false, browserName: chrome, browserVersion: 111.0.5563.148, chrome: {chromedriverVersion: 111.0.5563.64 (c710e93d5b63..., userDataDir: C:\Users\prasad\AppData\Loc...}, goog:chromeOptions: {debuggerAddress: localhost:58496}, networkConnectionEnabled: false, pageLoadStrategy: normal, platformName: WINDOWS, proxy: Proxy(), se:cdp: ws://localhost:58496/devtoo..., se:cdpVersion: 111.0.5563.148, setWindowRect: true, strictFileInteractability: false, timeouts: {implicit: 0, pageLoad: 300000, script: 30000}, unhandledPromptBehavior: dismiss and notify, webauthn:extension:credBlob: true, webauthn:extension:largeBlob: true, webauthn:extension:minPinLength: true, webauthn:extension:prf: true, webauthn:virtualAuthenticators: true}
Session ID: bac3343760c0c63bce0f46b2e3f0d430
at java.base/jdk.internal.reflect.NativeConstructorAccessorImpl.newInstance0(Native Method)
at java.base/jdk.internal.reflect.NativeConstructorAccessorImpl.newInstance(NativeConstructorAccessorImpl.java:77)
at java.base/jdk.internal.reflect.DelegatingConstructorAccessorImpl.newInstance(DelegatingConstructorAccessorImpl.java:45)
at java.base/java.lang.reflect.Constructor.newInstanceWithCaller(Constructor.java:499)
at java.base/java.lang.reflect.Constructor.newInstance(Constructor.java:480)
at org.openqa.selenium.remote.codec.w3c.W3CHttpResponseCodec.createException(W3CHttpResponseCodec.java:200)
at org.openqa.selenium.remote.codec.w3c.W3CHttpResponseCodec.decode(W3CHttpResponseCodec.java:133)
at org.openqa.selenium.remote.codec.w3c.W3CHttpResponseCodec.decode(W3CHttpResponseCodec.java:53)
at org.openqa.selenium.remote.HttpCommandExecutor.execute(HttpCommandExecutor.java:193)
at org.openqa.selenium.remote.service.DriverCommandExecutor.invokeExecute(DriverCommandExecutor.java:183)
at org.openqa.selenium.remote.service.DriverCommandExecutor.execute(DriverCommandExecutor.java:158)
at org.openqa.selenium.remote.RemoteWebDriver.execute(RemoteWebDriver.java:543)
at org.openqa.selenium.remote.ElementLocation$ElementFinder$2.findElement(ElementLocation.java:162)
at org.openqa.selenium.remote.ElementLocation.findElement(ElementLocation.java:60)
at org.openqa.selenium.remote.RemoteWebDriver.findElement(RemoteWebDriver.java:352)
at org.openqa.selenium.remote.RemoteWebDriver.findElement(RemoteWebDriver.java:344)
at org.openqa.selenium.support.pagefactory.DefaultElementLocator.findElement(DefaultElementLocator.java:70)
at org.openqa.selenium.support.pagefactory.internal.LocatingElementHandler.invoke(LocatingElementHandler.java:39)
at jdk.proxy2/jdk.proxy2.$Proxy42.click(Unknown Source)
at ds.algo.pagefactory.LinkedListPageFactory.tryHereBtnClick(LinkedListPageFactory.java:86)
at ds.algo.stepdef.LinkedListPageStepDefinition.user_clicks_on_try_here_button(LinkedListPageStepDefinition.java:62)
at ✽.User clicks on Try here button(file:///D:/selenium/workspace/DSAlgoNew/src/test/resources/features/4_linkedlist.feature:64)
]]>
            </full-stacktrace>
          </exception> <!-- org.openqa.selenium.NoSuchElementException -->
          <reporter-output>
          </reporter-output>
        </test-method> <!-- runScenario -->
        <test-method signature="runScenario(io.cucumber.testng.PickleWrapper,io.cucumber.testng.FeatureWrapper)[pri:0, instance:ds.algo.testrunner.DSAlgoTestRunner@43df23d3]" started-at="2023-04-07T16:49:20 EDT" name="runScenario" description="Runs Cucumber Scenarios" data-provider="scenarios" finished-at="2023-04-07T16:49:21 EDT" duration-ms="206" status="PASS">
          <params>
            <param index="0">
              <value>
                <![CDATA["User navigate to Graph page from home page"]]>
              </value>
            </param>
            <param index="1">
              <value>
                <![CDATA["Validate Graph"]]>
              </value>
            </param>
          </params>
          <reporter-output>
          </reporter-output>
        </test-method> <!-- runScenario -->
        <test-method signature="runScenario(io.cucumber.testng.PickleWrapper,io.cucumber.testng.FeatureWrapper)[pri:0, instance:ds.algo.testrunner.DSAlgoTestRunner@43df23d3]" started-at="2023-04-07T16:49:21 EDT" name="runScenario" description="Runs Cucumber Scenarios" data-provider="scenarios" finished-at="2023-04-07T16:49:21 EDT" duration-ms="512" status="PASS">
          <params>
            <param index="0">
              <value>
                <![CDATA["User navigate from Graph page to text editor"]]>
              </value>
            </param>
            <param index="1">
              <value>
                <![CDATA["Validate Graph"]]>
              </value>
            </param>
          </params>
          <reporter-output>
          </reporter-output>
        </test-method> <!-- runScenario -->
        <test-method signature="runScenario(io.cucumber.testng.PickleWrapper,io.cucumber.testng.FeatureWrapper)[pri:0, instance:ds.algo.testrunner.DSAlgoTestRunner@43df23d3]" started-at="2023-04-07T16:49:21 EDT" name="runScenario" description="Runs Cucumber Scenarios" data-provider="scenarios" finished-at="2023-04-07T16:49:23 EDT" duration-ms="1942" status="PASS">
          <params>
            <param index="0">
              <value>
                <![CDATA["User navigate from Graph Representations to text editor with invalid code"]]>
              </value>
            </param>
            <param index="1">
              <value>
                <![CDATA["Validate Graph"]]>
              </value>
            </param>
          </params>
          <reporter-output>
          </reporter-output>
        </test-method> <!-- runScenario -->
        <test-method signature="runScenario(io.cucumber.testng.PickleWrapper,io.cucumber.testng.FeatureWrapper)[pri:0, instance:ds.algo.testrunner.DSAlgoTestRunner@43df23d3]" started-at="2023-04-07T16:49:23 EDT" name="runScenario" description="Runs Cucumber Scenarios" data-provider="scenarios" finished-at="2023-04-07T16:49:25 EDT" duration-ms="1755" status="PASS">
          <params>
            <param index="0">
              <value>
                <![CDATA["User navigate from Graph Representations to text editor"]]>
              </value>
            </param>
            <param index="1">
              <value>
                <![CDATA["Validate Graph"]]>
              </value>
            </param>
          </params>
          <reporter-output>
          </reporter-output>
        </test-method> <!-- runScenario -->
        <test-method is-config="true" signature="tearDownClass()[pri:0, instance:ds.algo.testrunner.DSAlgoTestRunner@43df23d3]" started-at="2023-04-07T16:49:25 EDT" name="tearDownClass" finished-at="2023-04-07T16:49:25 EDT" duration-ms="29" status="PASS">
          <reporter-output>
          </reporter-output>
        </test-method> <!-- tearDownClass -->
      </class> <!-- ds.algo.testrunner.DSAlgoTestRunner -->
    </test> <!-- Default test -->
  </suite> <!-- Default suite -->
</testng-results>
